<?xml version="1.0" encoding="utf-8"?><testsuites name="pytest tests"><testsuite name="pytest" errors="0" failures="0" skipped="0" tests="8" time="77.975" timestamp="2026-09-12T12:46:28.011454+00:00" hostname="agent-env-5bee6618-8b8d-4f0c-b2f2-8a49353fc113"><testcase classname="tests.test_rulebook_api" name="test_stats" time="0.161" /><testcase classname="tests.test_rulebook_api" name="test_rulebook" time="0.068" /><testcase classname="tests.test_rulebook_api" name="test_ask_answerable" time="6.095" /><testcase classname="tests.test_rulebook_api" name="test_ask_contradictory" time="10.192" /><testcase classname="tests.test_rulebook_api" name="test_ask_not_answerable" time="6.822" /><testcase classname="tests.test_rulebook_api" name="test_ask_empty_400" time="0.064" /><testcase classname="tests.test_rulebook_api" name="test_eval_questions" time="0.067" /><testcase classname="tests.test_rulebook_api" name="test_eval_run" time="53.934" /></testsuite></testsuites>